{
  "RSpec": {
    "coverage": {
      "/Users/Raefe/Documents/Coding work/Projects/Makers_academy/Week3/battle-monsters/spec/features/hitpoints_spec.rb": [
        1,
        1,
        1
      ],
      "/Users/Raefe/Documents/Coding work/Projects/Makers_academy/Week3/battle-monsters/spec/features/infrastructure_spec.rb": [
        1,
        1,
        1,
        1,
        null,
        null,
        null,
        null,
        1,
        1,
        1,
        1,
        1,
        1,
        1,
        null,
        null
      ],
      "/Users/Raefe/Documents/Coding work/Projects/Makers_academy/Week3/battle-monsters/spec/features/switch_turns_spec.rb": [
        1,
        1,
        1,
        1,
        1,
        null,
        null,
        1,
        1,
        1,
        1,
        1,
        1,
        null,
        null,
        null
      ],
      "/Users/Raefe/Documents/Coding work/Projects/Makers_academy/Week3/battle-monsters/spec/game_spec.rb": [
        1,
        1,
        null,
        6,
        6,
        6,
        null,
        1,
        1,
        1,
        1,
        null,
        null,
        null,
        1,
        1,
        1,
        null,
        null,
        null,
        1,
        1,
        1,
        null,
        null,
        null,
        1,
        1,
        1,
        null,
        null,
        null,
        1,
        1,
        1,
        1,
        null,
        null,
        null
      ],
      "/Users/Raefe/Documents/Coding work/Projects/Makers_academy/Week3/battle-monsters/spec/player_spec.rb": [
        1,
        null,
        1,
        3,
        2,
        1,
        null,
        1,
        1,
        1,
        null,
        null,
        null,
        1,
        1,
        1,
        null,
        null,
        null,
        1,
        1,
        4,
        null,
        null,
        null
      ]
    },
    "timestamp": 1520599323
  }
}
